INFO: Loaded class registry: IC2 mod support
INFO: Loaded class registry: NEI mod support
INFO: Loaded class registry: MFR mod support
INFO: MineTweaker: Building registry
INFO: MineTweaker: Sucessfully built item registry
INFO: Adding minetweaker command mfr
ERROR: AppliedEnergistics.zs:1 > No such member: appliedenergistics2
ERROR: AppliedEnergistics.zs:1 > Not a valid type
ERROR: AppliedEnergistics.zs:2 > could not find package null
ERROR: AppliedEnergistics.zs:4: Could not resolve <thermalfoundation : dye>
ERROR: AppliedEnergistics.zs:6: Could not resolve <appliedenergistics2 : material : 13>
ERROR: AppliedEnergistics.zs:9: Could not resolve <appliedenergistics2 : material : 14>
ERROR: AppliedEnergistics.zs:12: Could not resolve <appliedenergistics2 : material : 15>
ERROR: AppliedEnergistics.zs:15: Could not resolve <appliedenergistics2 : material : 19>
ERROR: AppliedEnergistics.zs:4 > could not find Grinder
ERROR: AppliedEnergistics.zs:6 > a method available but none matches the parameters (string, ZenTypeNative: minetweaker.item.IIngredient[], any[])
This is usually an error in your script, not in the mod
addShapeless(ZenTypeNative: minetweaker.item.IItemStack, ZenTypeNative: minetweaker.item.IIngredient[], Optional ZenTypeNative: minetweaker.recipes.IRecipeFunction, Optional ZenTypeNative: minetweaker.recipes.IRecipeAction)
ERROR: AppliedEnergistics.zs:9 > a method available but none matches the parameters (string, ZenTypeNative: minetweaker.item.IIngredient[], any[])
This is usually an error in your script, not in the mod
addShapeless(ZenTypeNative: minetweaker.item.IItemStack, ZenTypeNative: minetweaker.item.IIngredient[], Optional ZenTypeNative: minetweaker.recipes.IRecipeFunction, Optional ZenTypeNative: minetweaker.recipes.IRecipeAction)
ERROR: AppliedEnergistics.zs:12 > a method available but none matches the parameters (string, ZenTypeNative: minetweaker.item.IIngredient[], any[])
This is usually an error in your script, not in the mod
addShapeless(ZenTypeNative: minetweaker.item.IItemStack, ZenTypeNative: minetweaker.item.IIngredient[], Optional ZenTypeNative: minetweaker.recipes.IRecipeFunction, Optional ZenTypeNative: minetweaker.recipes.IRecipeAction)
ERROR: AppliedEnergistics.zs:15 > a method available but none matches the parameters (string, ZenTypeNative: minetweaker.item.IIngredient[], any[])
This is usually an error in your script, not in the mod
addShapeless(ZenTypeNative: minetweaker.item.IItemStack, ZenTypeNative: minetweaker.item.IIngredient[], Optional ZenTypeNative: minetweaker.recipes.IRecipeFunction, Optional ZenTypeNative: minetweaker.recipes.IRecipeAction)
ERROR: Error executing AppliedEnergistics.zs: JVMVRFY012 堆栈形状不一致 类=AppliedEnergistics，方法=__script__()V，pc=38
Exception Details:
  Location:
    AppliedEnergistics.__script__()V @38: JBifnonnull
  Reason:
    Type integer (current frame, stack[5]) is not assignable to 'reference' type
  Current Frame:
    bci: @38
    flags: { }
    locals: { }
    stack: { null, '[Lstanhebben/zenscript/value/IAny;', '[Lstanhebben/zenscript/value/IAny;', integer, integer, integer }
  Stackmap Table:
    full_frame(@28,{},{null,Object[#16],Object[#16],integer,Object[#17]})
    full_frame(@31,{},{null,Object[#16],Object[#16],integer,Object[#6]})
    full_frame(@46,{},{null,Object[#16],Object[#16],integer,integer})
    full_frame(@49,{},{null,Object[#16],Object[#16],integer,Object[#6]})
    full_frame(@61,{},{null,Object[#16],Object[#16],integer,Object[#18]})
    full_frame(@64,{},{null,Object[#16],Object[#16],integer,Object[#6]})
java.lang.VerifyError: JVMVRFY012 堆栈形状不一致 类=AppliedEnergistics，方法=__script__()V，pc=38
Exception Details:
  Location:
    AppliedEnergistics.__script__()V @38: JBifnonnull
  Reason:
    Type integer (current frame, stack[5]) is not assignable to 'reference' type
  Current Frame:
    bci: @38
    flags: { }
    locals: { }
    stack: { null, '[Lstanhebben/zenscript/value/IAny;', '[Lstanhebben/zenscript/value/IAny;', integer, integer, integer }
  Stackmap Table:
    full_frame(@28,{},{null,Object[#16],Object[#16],integer,Object[#17]})
    full_frame(@31,{},{null,Object[#16],Object[#16],integer,Object[#6]})
    full_frame(@46,{},{null,Object[#16],Object[#16],integer,integer})
    full_frame(@49,{},{null,Object[#16],Object[#16],integer,Object[#6]})
    full_frame(@61,{},{null,Object[#16],Object[#16],integer,Object[#18]})
    full_frame(@64,{},{null,Object[#16],Object[#16],integer,Object[#6]})
	at __ZenMain__.run(AppliedEnergistics.zs)
	at minetweaker.runtime.MTTweaker.load(MTTweaker.java:163)
	at minetweaker.MineTweakerImplementationAPI.reload(MineTweakerImplementationAPI.java:682)
	at minetweaker.mc1710.network.MineTweakerLoadScriptsHandler.onMessage(MineTweakerLoadScriptsHandler.java:28)
	at minetweaker.mc1710.network.MineTweakerLoadScriptsHandler.onMessage(MineTweakerLoadScriptsHandler.java:21)
	at cpw.mods.fml.common.network.simpleimpl.SimpleChannelHandlerWrapper.channelRead0(SimpleChannelHandlerWrapper.java:37)
	at cpw.mods.fml.common.network.simpleimpl.SimpleChannelHandlerWrapper.channelRead0(SimpleChannelHandlerWrapper.java:17)
	at io.netty.channel.SimpleChannelInboundHandler.channelRead(SimpleChannelInboundHandler.java:98)
	at io.netty.channel.DefaultChannelHandlerContext.invokeChannelRead(DefaultChannelHandlerContext.java:337)
	at io.netty.channel.DefaultChannelHandlerContext.fireChannelRead(DefaultChannelHandlerContext.java:323)
	at io.netty.channel.SimpleChannelInboundHandler.channelRead(SimpleChannelInboundHandler.java:101)
	at io.netty.channel.DefaultChannelHandlerContext.invokeChannelRead(DefaultChannelHandlerContext.java:337)
	at io.netty.channel.DefaultChannelHandlerContext.fireChannelRead(DefaultChannelHandlerContext.java:323)
	at io.netty.channel.SimpleChannelInboundHandler.channelRead(SimpleChannelInboundHandler.java:101)
	at io.netty.channel.DefaultChannelHandlerContext.invokeChannelRead(DefaultChannelHandlerContext.java:337)
	at io.netty.channel.DefaultChannelHandlerContext.fireChannelRead(DefaultChannelHandlerContext.java:323)
	at io.netty.handler.codec.MessageToMessageDecoder.channelRead(MessageToMessageDecoder.java:103)
	at io.netty.handler.codec.MessageToMessageCodec.channelRead(MessageToMessageCodec.java:111)
	at io.netty.channel.DefaultChannelHandlerContext.invokeChannelRead(DefaultChannelHandlerContext.java:337)
	at io.netty.channel.DefaultChannelHandlerContext.fireChannelRead(DefaultChannelHandlerContext.java:323)
	at io.netty.channel.DefaultChannelPipeline.fireChannelRead(DefaultChannelPipeline.java:785)
	at io.netty.channel.embedded.EmbeddedChannel.writeInbound(EmbeddedChannel.java:169)
	at cpw.mods.fml.common.network.internal.FMLProxyPacket.func_148833_a(FMLProxyPacket.java:77)
	at net.minecraft.network.NetworkManager.func_74428_b(NetworkManager.java:212)
	at net.minecraft.client.multiplayer.PlayerControllerMP.func_78765_e(PlayerControllerMP.java:273)
	at net.minecraft.client.Minecraft.func_71407_l(Minecraft.java:1602)
	at net.minecraft.client.Minecraft.func_71411_J(Minecraft.java:973)
	at net.minecraft.client.Minecraft.func_99999_d(Minecraft.java:898)
	at net.minecraft.client.main.Main.main(SourceFile:148)
	at sun.reflect.NativeMethodAccessorImpl.invoke0(Native Method)
	at sun.reflect.NativeMethodAccessorImpl.invoke(NativeMethodAccessorImpl.java:62)
	at sun.reflect.DelegatingMethodAccessorImpl.invoke(DelegatingMethodAccessorImpl.java:43)
	at java.lang.reflect.Method.invoke(Method.java:498)
	at net.minecraft.launchwrapper.Launch.launch(Launch.java:135)
	at net.minecraft.launchwrapper.Launch.main(Launch.java:28)
	at sun.reflect.NativeMethodAccessorImpl.invoke0(Native Method)
	at sun.reflect.NativeMethodAccessorImpl.invoke(NativeMethodAccessorImpl.java:62)
	at sun.reflect.DelegatingMethodAccessorImpl.invoke(DelegatingMethodAccessorImpl.java:43)
	at java.lang.reflect.Method.invoke(Method.java:498)
	at org.multimc.onesix.OneSixLauncher.launchWithMainClass(OneSixLauncher.java:210)
	at org.multimc.onesix.OneSixLauncher.launch(OneSixLauncher.java:245)
	at org.multimc.EntryPoint.listen(EntryPoint.java:143)
	at org.multimc.EntryPoint.main(EntryPoint.java:34)
ERROR: coal_od.zs:1 > could not find package null
ERROR: coal_od.zs:9: Could not resolve <thermalfoundation : fertilizer : 0>
ERROR: coal_od.zs:11 > a method available but none matches the parameters (string, any, any[])
This is usually an error in your script, not in the mod
addShapeless(ZenTypeNative: minetweaker.item.IItemStack, ZenTypeNative: minetweaker.item.IIngredient[], Optional ZenTypeNative: minetweaker.recipes.IRecipeFunction, Optional ZenTypeNative: minetweaker.recipes.IRecipeAction)
ERROR: coal_od.zs:14 > a method available but none matches the parameters (string, any, any[])
This is usually an error in your script, not in the mod
addShapeless(ZenTypeNative: minetweaker.item.IItemStack, ZenTypeNative: minetweaker.item.IIngredient[], Optional ZenTypeNative: minetweaker.recipes.IRecipeFunction, Optional ZenTypeNative: minetweaker.recipes.IRecipeAction)
ERROR: coal_od.zs:17 > a method available but none matches the parameters (string, any, any[])
This is usually an error in your script, not in the mod
addShapeless(ZenTypeNative: minetweaker.item.IItemStack, ZenTypeNative: minetweaker.item.IIngredient[], Optional ZenTypeNative: minetweaker.recipes.IRecipeFunction, Optional ZenTypeNative: minetweaker.recipes.IRecipeAction)
ERROR: projectEx.zs:2: Could not resolve <projectex : matter : 0>
ERROR: projectEx.zs:3: Could not resolve <projectex : matter : 1>
ERROR: projectEx.zs:5: Could not resolve <projecte : item . pe_philosophers_stone>
ERROR: Error executing projectEx.zs: null
java.lang.NullPointerException
	at minetweaker.mc1710.recipes.MCRecipeManager.remove(MCRecipeManager.java:89)
	at ProjectEx.__script__(projectEx.zs:2)
	at __ZenMain__.run(projectEx.zs)
	at minetweaker.runtime.MTTweaker.load(MTTweaker.java:163)
	at minetweaker.MineTweakerImplementationAPI.reload(MineTweakerImplementationAPI.java:682)
	at minetweaker.mc1710.network.MineTweakerLoadScriptsHandler.onMessage(MineTweakerLoadScriptsHandler.java:28)
	at minetweaker.mc1710.network.MineTweakerLoadScriptsHandler.onMessage(MineTweakerLoadScriptsHandler.java:21)
	at cpw.mods.fml.common.network.simpleimpl.SimpleChannelHandlerWrapper.channelRead0(SimpleChannelHandlerWrapper.java:37)
	at cpw.mods.fml.common.network.simpleimpl.SimpleChannelHandlerWrapper.channelRead0(SimpleChannelHandlerWrapper.java:17)
	at io.netty.channel.SimpleChannelInboundHandler.channelRead(SimpleChannelInboundHandler.java:98)
	at io.netty.channel.DefaultChannelHandlerContext.invokeChannelRead(DefaultChannelHandlerContext.java:337)
	at io.netty.channel.DefaultChannelHandlerContext.fireChannelRead(DefaultChannelHandlerContext.java:323)
	at io.netty.channel.SimpleChannelInboundHandler.channelRead(SimpleChannelInboundHandler.java:101)
	at io.netty.channel.DefaultChannelHandlerContext.invokeChannelRead(DefaultChannelHandlerContext.java:337)
	at io.netty.channel.DefaultChannelHandlerContext.fireChannelRead(DefaultChannelHandlerContext.java:323)
	at io.netty.channel.SimpleChannelInboundHandler.channelRead(SimpleChannelInboundHandler.java:101)
	at io.netty.channel.DefaultChannelHandlerContext.invokeChannelRead(DefaultChannelHandlerContext.java:337)
	at io.netty.channel.DefaultChannelHandlerContext.fireChannelRead(DefaultChannelHandlerContext.java:323)
	at io.netty.handler.codec.MessageToMessageDecoder.channelRead(MessageToMessageDecoder.java:103)
	at io.netty.handler.codec.MessageToMessageCodec.channelRead(MessageToMessageCodec.java:111)
	at io.netty.channel.DefaultChannelHandlerContext.invokeChannelRead(DefaultChannelHandlerContext.java:337)
	at io.netty.channel.DefaultChannelHandlerContext.fireChannelRead(DefaultChannelHandlerContext.java:323)
	at io.netty.channel.DefaultChannelPipeline.fireChannelRead(DefaultChannelPipeline.java:785)
	at io.netty.channel.embedded.EmbeddedChannel.writeInbound(EmbeddedChannel.java:169)
	at cpw.mods.fml.common.network.internal.FMLProxyPacket.func_148833_a(FMLProxyPacket.java:77)
	at net.minecraft.network.NetworkManager.func_74428_b(NetworkManager.java:212)
	at net.minecraft.client.multiplayer.PlayerControllerMP.func_78765_e(PlayerControllerMP.java:273)
	at net.minecraft.client.Minecraft.func_71407_l(Minecraft.java:1602)
	at net.minecraft.client.Minecraft.func_71411_J(Minecraft.java:973)
	at net.minecraft.client.Minecraft.func_99999_d(Minecraft.java:898)
	at net.minecraft.client.main.Main.main(SourceFile:148)
	at sun.reflect.NativeMethodAccessorImpl.invoke0(Native Method)
	at sun.reflect.NativeMethodAccessorImpl.invoke(NativeMethodAccessorImpl.java:62)
	at sun.reflect.DelegatingMethodAccessorImpl.invoke(DelegatingMethodAccessorImpl.java:43)
	at java.lang.reflect.Method.invoke(Method.java:498)
	at net.minecraft.launchwrapper.Launch.launch(Launch.java:135)
	at net.minecraft.launchwrapper.Launch.main(Launch.java:28)
	at sun.reflect.NativeMethodAccessorImpl.invoke0(Native Method)
	at sun.reflect.NativeMethodAccessorImpl.invoke(NativeMethodAccessorImpl.java:62)
	at sun.reflect.DelegatingMethodAccessorImpl.invoke(DelegatingMethodAccessorImpl.java:43)
	at java.lang.reflect.Method.invoke(Method.java:498)
	at org.multimc.onesix.OneSixLauncher.launchWithMainClass(OneSixLauncher.java:210)
	at org.multimc.onesix.OneSixLauncher.launch(OneSixLauncher.java:245)
	at org.multimc.EntryPoint.listen(EntryPoint.java:143)
	at org.multimc.EntryPoint.main(EntryPoint.java:34)
ERROR: Thermal.zs:1 > No such member: thermalexpansion
ERROR: Thermal.zs:1 > Not a valid type
ERROR: Thermal.zs:2 > No such member: thermalexpansion
ERROR: Thermal.zs:2 > Not a valid type
ERROR: Thermal.zs:7: Could not resolve <ic2 : misc_resource : 5>
ERROR: Thermal.zs:9: Could not resolve <railcraft : dust : 2>
ERROR: Thermal.zs:10: Could not resolve <thermalfoundation : material : 772>
ERROR: Thermal.zs:12: Could not resolve <thermalfoundation : material : 135>
ERROR: Thermal.zs:12: Could not resolve <liquid : experience>
ERROR: Thermal.zs:13: Could not resolve <thermalfoundation : material : 134>
ERROR: Thermal.zs:13: Could not resolve <liquid : experience>
ERROR: Thermal.zs:15: Could not resolve <thermalfoundation : ore_fluid : 2>
ERROR: Thermal.zs:15: Could not resolve <liquid : experience>
ERROR: Thermal.zs:4 > could not find RedstoneFurnace
ERROR: Thermal.zs:5 > could not find RedstoneFurnace
ERROR: Thermal.zs:7 > could not find RedstoneFurnace
ERROR: Thermal.zs:9 > could not find Pulverizer
ERROR: Thermal.zs:10 > could not find Pulverizer
ERROR: Thermal.zs:12 > No such member: thermalexpansion
ERROR: Thermal.zs:13 > No such member: thermalexpansion
ERROR: Thermal.zs:15 > No such member: thermalexpansion
ERROR: Error executing Thermal.zs: JVMVRFY012 堆栈形状不一致 类=Thermal，方法=__script__()V，pc=65
Exception Details:
  Location:
    Thermal.__script__()V @65: JBifnonnull
  Reason:
    Type integer (current frame, stack[5]) is not assignable to 'reference' type
  Current Frame:
    bci: @65
    flags: { }
    locals: { }
    stack: { null, '[Lstanhebben/zenscript/value/IAny;', '[Lstanhebben/zenscript/value/IAny;', integer, integer, integer }
  Stackmap Table:
    full_frame(@25,{},{null,Object[#35],Object[#35],integer,Object[#27]})
    full_frame(@28,{},{null,Object[#35],Object[#35],integer,Object[#22]})
    full_frame(@55,{},{null,Object[#35],Object[#35],integer,Object[#27]})
    full_frame(@58,{},{null,Object[#35],Object[#35],integer,Object[#22]})
    full_frame(@73,{},{null,Object[#35],Object[#35],integer,integer})
    full_frame(@76,{},{null,Object[#35],Object[#35],integer,Object[#22]})
    full_frame(@88,{},{null,Object[#35],Object[#35],integer,Object[#36]})
    full_frame(@91,{},{null,Object[#35],Object[#35],integer,Object[#22]})
    full_frame(@123,{},{null,Object[#35],Object[#35],integer,Object[#27]})
    full_frame(@126,{},{null,Object[#35],Object[#35],integer,Object[#22]})
    full_frame(@153,{},{null,Object[#35],Object[#35],integer,Object[#27]})
    full_frame(@156,{},{null,Object[#35],Object[#35],integer,Object[#22]})
    full_frame(@171,{},{null,Object[#35],Object[#35],integer,integer})
    full_frame(@174,{},{null,Object[#35],Object[#35],integer,Object[#22]})
    full_frame(@186,{},{null,Object[#35],Object[#35],integer,Object[#36]})
    full_frame(@189,{},{null,Object[#35],Object[#35],integer,Object[#22]})
    full_frame(@226,{},{null,Object[#35],Object[#35],integer,Object[#27]})
    full_frame(@229,{},{null,Object[#35],Object[#35],integer,Object[#22]})
    full_frame(@244,{},{null,Object[#35],Object[#35],integer,integer})
    full_frame(@247,{},{null,Object[#35],Object[#35],integer,Object[#22]})
    full_frame(@259,{},{null,Object[#35],Object[#35],integer,Object[#36]})
    full_frame(@262,{},{null,Object[#35],Object[#35],integer,Object[#22]})
    full_frame(@306,{},{null,Object[#35],Object[#35],integer,Object[#27]})
    full_frame(@309,{},{null,Object[#35],Object[#35],integer,Object[#22]})
    full_frame(@324,{},{null,Object[#35],Object[#35],integer,integer})
    full_frame(@327,{},{null,Object[#35],Object[#35],integer,Object[#22]})
    full_frame(@339,{},{null,Object[#35],Object[#35],integer,Object[#36]})
    full_frame(@342,{},{null,Object[#35],Object[#35],integer,Object[#22]})
    full_frame(@386,{},{null,Object[#35],Object[#35],integer,Object[#27]})
    full_frame(@389,{},{null,Object[#35],Object[#35],integer,Object[#22]})
    full_frame(@404,{},{null,Object[#35],Object[#35],integer,integer})
    full_frame(@407,{},{null,Object[#35],Object[#35],integer,Object[#22]})
    full_frame(@419,{},{null,Object[#35],Object[#35],integer,Object[#36]})
    full_frame(@422,{},{null,Object[#35],Object[#35],integer,Object[#22]})
    full_frame(@459,{},{null,Object[#35],Object[#35],integer,Object[#27]})
    full_frame(@462,{},{null,Object[#35],Object[#35],integer,Object[#22]})
    full_frame(@478,{},{null,Object[#35],Object[#35],integer,null,integer})
    full_frame(@481,{},{null,Object[#35],Object[#35],integer,null,Object[#22]})
    full_frame(@493,{},{null,Object[#35],Object[#35],integer,null,Object[#36]})
    full_frame(@496,{},{null,Object[#35],Object[#35],integer,null,Object[#22]})
    full_frame(@516,{},{null,Object[#35],Object[#35],integer,integer})
    full_frame(@519,{},{null,Object[#35],Object[#35],integer,Object[#22]})
    full_frame(@531,{},{null,Object[#35],Object[#35],integer,Object[#36]})
    full_frame(@534,{},{null,Object[#35],Object[#35],integer,Object[#22]})
    full_frame(@571,{},{null,Object[#35],Object[#35],integer,Object[#27]})
    full_frame(@574,{},{null,Object[#35],Object[#35],integer,Object[#22]})
    full_frame(@590,{},{null,Object[#35],Object[#35],integer,null,integer})
    full_frame(@593,{},{null,Object[#35],Object[#35],integer,null,Object[#22]})
    full_frame(@605,{},{null,Object[#35],Object[#35],integer,null,Object[#36]})
    full_frame(@608,{},{null,Object[#35],Object[#35],integer,null,Object[#22]})
    full_frame(@628,{},{null,Object[#35],Object[#35],integer,integer})
    full_frame(@631,{},{null,Object[#35],Object[#35],integer,Object[#22]})
    full_frame(@643,{},{null,Object[#35],Object[#35],integer,Object[#36]})
    full_frame(@646,{},{null,Object[#35],Object[#35],integer,Object[#22]})
    full_frame(@683,{},{null,Object[#35],Object[#35],integer,Object[#27]})
    full_frame(@686,{},{null,Object[#35],Object[#35],integer,Object[#22]})
    full_frame(@702,{},{null,Object[#35],Object[#35],integer,null,integer})
    full_frame(@705,{},{null,Object[#35],Object[#35],integer,null,Object[#22]})
    full_frame(@717,{},{null,Object[#35],Object[#35],integer,null,Object[#36]})
    full_frame(@720,{},{null,Object[#35],Object[#35],integer,null,Object[#22]})
    full_frame(@740,{},{null,Object[#35],Object[#35],integer,integer})
    full_frame(@743,{},{null,Object[#35],Object[#35],integer,Object[#22]})
    full_frame(@755,{},{null,Object[#35],Object[#35],integer,Object[#36]})
    full_frame(@758,{},{null,Object[#35],Object[#35],integer,Object[#22]})
java.lang.VerifyError: JVMVRFY012 堆栈形状不一致 类=Thermal，方法=__script__()V，pc=65
Exception Details:
  Location:
    Thermal.__script__()V @65: JBifnonnull
  Reason:
    Type integer (current frame, stack[5]) is not assignable to 'reference' type
  Current Frame:
    bci: @65
    flags: { }
    locals: { }
    stack: { null, '[Lstanhebben/zenscript/value/IAny;', '[Lstanhebben/zenscript/value/IAny;', integer, integer, integer }
  Stackmap Table:
    full_frame(@25,{},{null,Object[#35],Object[#35],integer,Object[#27]})
    full_frame(@28,{},{null,Object[#35],Object[#35],integer,Object[#22]})
    full_frame(@55,{},{null,Object[#35],Object[#35],integer,Object[#27]})
    full_frame(@58,{},{null,Object[#35],Object[#35],integer,Object[#22]})
    full_frame(@73,{},{null,Object[#35],Object[#35],integer,integer})
    full_frame(@76,{},{null,Object[#35],Object[#35],integer,Object[#22]})
    full_frame(@88,{},{null,Object[#35],Object[#35],integer,Object[#36]})
    full_frame(@91,{},{null,Object[#35],Object[#35],integer,Object[#22]})
    full_frame(@123,{},{null,Object[#35],Object[#35],integer,Object[#27]})
    full_frame(@126,{},{null,Object[#35],Object[#35],integer,Object[#22]})
    full_frame(@153,{},{null,Object[#35],Object[#35],integer,Object[#27]})
    full_frame(@156,{},{null,Object[#35],Object[#35],integer,Object[#22]})
    full_frame(@171,{},{null,Object[#35],Object[#35],integer,integer})
    full_frame(@174,{},{null,Object[#35],Object[#35],integer,Object[#22]})
    full_frame(@186,{},{null,Object[#35],Object[#35],integer,Object[#36]})
    full_frame(@189,{},{null,Object[#35],Object[#35],integer,Object[#22]})
    full_frame(@226,{},{null,Object[#35],Object[#35],integer,Object[#27]})
    full_frame(@229,{},{null,Object[#35],Object[#35],integer,Object[#22]})
    full_frame(@244,{},{null,Object[#35],Object[#35],integer,integer})
    full_frame(@247,{},{null,Object[#35],Object[#35],integer,Object[#22]})
    full_frame(@259,{},{null,Object[#35],Object[#35],integer,Object[#36]})
    full_frame(@262,{},{null,Object[#35],Object[#35],integer,Object[#22]})
    full_frame(@306,{},{null,Object[#35],Object[#35],integer,Object[#27]})
    full_frame(@309,{},{null,Object[#35],Object[#35],integer,Object[#22]})
    full_frame(@324,{},{null,Object[#35],Object[#35],integer,integer})
    full_frame(@327,{},{null,Object[#35],Object[#35],integer,Object[#22]})
    full_frame(@339,{},{null,Object[#35],Object[#35],integer,Object[#36]})
    full_frame(@342,{},{null,Object[#35],Object[#35],integer,Object[#22]})
    full_frame(@386,{},{null,Object[#35],Object[#35],integer,Object[#27]})
    full_frame(@389,{},{null,Object[#35],Object[#35],integer,Object[#22]})
    full_frame(@404,{},{null,Object[#35],Object[#35],integer,integer})
    full_frame(@407,{},{null,Object[#35],Object[#35],integer,Object[#22]})
    full_frame(@419,{},{null,Object[#35],Object[#35],integer,Object[#36]})
    full_frame(@422,{},{null,Object[#35],Object[#35],integer,Object[#22]})
    full_frame(@459,{},{null,Object[#35],Object[#35],integer,Object[#27]})
    full_frame(@462,{},{null,Object[#35],Object[#35],integer,Object[#22]})
    full_frame(@478,{},{null,Object[#35],Object[#35],integer,null,integer})
    full_frame(@481,{},{null,Object[#35],Object[#35],integer,null,Object[#22]})
    full_frame(@493,{},{null,Object[#35],Object[#35],integer,null,Object[#36]})
    full_frame(@496,{},{null,Object[#35],Object[#35],integer,null,Object[#22]})
    full_frame(@516,{},{null,Object[#35],Object[#35],integer,integer})
    full_frame(@519,{},{null,Object[#35],Object[#35],integer,Object[#22]})
    full_frame(@531,{},{null,Object[#35],Object[#35],integer,Object[#36]})
    full_frame(@534,{},{null,Object[#35],Object[#35],integer,Object[#22]})
    full_frame(@571,{},{null,Object[#35],Object[#35],integer,Object[#27]})
    full_frame(@574,{},{null,Object[#35],Object[#35],integer,Object[#22]})
    full_frame(@590,{},{null,Object[#35],Object[#35],integer,null,integer})
    full_frame(@593,{},{null,Object[#35],Object[#35],integer,null,Object[#22]})
    full_frame(@605,{},{null,Object[#35],Object[#35],integer,null,Object[#36]})
    full_frame(@608,{},{null,Object[#35],Object[#35],integer,null,Object[#22]})
    full_frame(@628,{},{null,Object[#35],Object[#35],integer,integer})
    full_frame(@631,{},{null,Object[#35],Object[#35],integer,Object[#22]})
    full_frame(@643,{},{null,Object[#35],Object[#35],integer,Object[#36]})
    full_frame(@646,{},{null,Object[#35],Object[#35],integer,Object[#22]})
    full_frame(@683,{},{null,Object[#35],Object[#35],integer,Object[#27]})
    full_frame(@686,{},{null,Object[#35],Object[#35],integer,Object[#22]})
    full_frame(@702,{},{null,Object[#35],Object[#35],integer,null,integer})
    full_frame(@705,{},{null,Object[#35],Object[#35],integer,null,Object[#22]})
    full_frame(@717,{},{null,Object[#35],Object[#35],integer,null,Object[#36]})
    full_frame(@720,{},{null,Object[#35],Object[#35],integer,null,Object[#22]})
    full_frame(@740,{},{null,Object[#35],Object[#35],integer,integer})
    full_frame(@743,{},{null,Object[#35],Object[#35],integer,Object[#22]})
    full_frame(@755,{},{null,Object[#35],Object[#35],integer,Object[#36]})
    full_frame(@758,{},{null,Object[#35],Object[#35],integer,Object[#22]})
	at __ZenMain__.run(Thermal.zs)
	at minetweaker.runtime.MTTweaker.load(MTTweaker.java:163)
	at minetweaker.MineTweakerImplementationAPI.reload(MineTweakerImplementationAPI.java:682)
	at minetweaker.mc1710.network.MineTweakerLoadScriptsHandler.onMessage(MineTweakerLoadScriptsHandler.java:28)
	at minetweaker.mc1710.network.MineTweakerLoadScriptsHandler.onMessage(MineTweakerLoadScriptsHandler.java:21)
	at cpw.mods.fml.common.network.simpleimpl.SimpleChannelHandlerWrapper.channelRead0(SimpleChannelHandlerWrapper.java:37)
	at cpw.mods.fml.common.network.simpleimpl.SimpleChannelHandlerWrapper.channelRead0(SimpleChannelHandlerWrapper.java:17)
	at io.netty.channel.SimpleChannelInboundHandler.channelRead(SimpleChannelInboundHandler.java:98)
	at io.netty.channel.DefaultChannelHandlerContext.invokeChannelRead(DefaultChannelHandlerContext.java:337)
	at io.netty.channel.DefaultChannelHandlerContext.fireChannelRead(DefaultChannelHandlerContext.java:323)
	at io.netty.channel.SimpleChannelInboundHandler.channelRead(SimpleChannelInboundHandler.java:101)
	at io.netty.channel.DefaultChannelHandlerContext.invokeChannelRead(DefaultChannelHandlerContext.java:337)
	at io.netty.channel.DefaultChannelHandlerContext.fireChannelRead(DefaultChannelHandlerContext.java:323)
	at io.netty.channel.SimpleChannelInboundHandler.channelRead(SimpleChannelInboundHandler.java:101)
	at io.netty.channel.DefaultChannelHandlerContext.invokeChannelRead(DefaultChannelHandlerContext.java:337)
	at io.netty.channel.DefaultChannelHandlerContext.fireChannelRead(DefaultChannelHandlerContext.java:323)
	at io.netty.handler.codec.MessageToMessageDecoder.channelRead(MessageToMessageDecoder.java:103)
	at io.netty.handler.codec.MessageToMessageCodec.channelRead(MessageToMessageCodec.java:111)
	at io.netty.channel.DefaultChannelHandlerContext.invokeChannelRead(DefaultChannelHandlerContext.java:337)
	at io.netty.channel.DefaultChannelHandlerContext.fireChannelRead(DefaultChannelHandlerContext.java:323)
	at io.netty.channel.DefaultChannelPipeline.fireChannelRead(DefaultChannelPipeline.java:785)
	at io.netty.channel.embedded.EmbeddedChannel.writeInbound(EmbeddedChannel.java:169)
	at cpw.mods.fml.common.network.internal.FMLProxyPacket.func_148833_a(FMLProxyPacket.java:77)
	at net.minecraft.network.NetworkManager.func_74428_b(NetworkManager.java:212)
	at net.minecraft.client.multiplayer.PlayerControllerMP.func_78765_e(PlayerControllerMP.java:273)
	at net.minecraft.client.Minecraft.func_71407_l(Minecraft.java:1602)
	at net.minecraft.client.Minecraft.func_71411_J(Minecraft.java:973)
	at net.minecraft.client.Minecraft.func_99999_d(Minecraft.java:898)
	at net.minecraft.client.main.Main.main(SourceFile:148)
	at sun.reflect.NativeMethodAccessorImpl.invoke0(Native Method)
	at sun.reflect.NativeMethodAccessorImpl.invoke(NativeMethodAccessorImpl.java:62)
	at sun.reflect.DelegatingMethodAccessorImpl.invoke(DelegatingMethodAccessorImpl.java:43)
	at java.lang.reflect.Method.invoke(Method.java:498)
	at net.minecraft.launchwrapper.Launch.launch(Launch.java:135)
	at net.minecraft.launchwrapper.Launch.main(Launch.java:28)
	at sun.reflect.NativeMethodAccessorImpl.invoke0(Native Method)
	at sun.reflect.NativeMethodAccessorImpl.invoke(NativeMethodAccessorImpl.java:62)
	at sun.reflect.DelegatingMethodAccessorImpl.invoke(DelegatingMethodAccessorImpl.java:43)
	at java.lang.reflect.Method.invoke(Method.java:498)
	at org.multimc.onesix.OneSixLauncher.launchWithMainClass(OneSixLauncher.java:210)
	at org.multimc.onesix.OneSixLauncher.launch(OneSixLauncher.java:245)
	at org.multimc.EntryPoint.listen(EntryPoint.java:143)
	at org.multimc.EntryPoint.main(EntryPoint.java:34)
ERROR: recipes_user.zs:7: Could not resolve <openblocks : heal>
ERROR: recipes_user.zs:14: Could not resolve <buildcraftcore : marker_volume>
ERROR: recipes_user.zs:21: Could not resolve <buildcraftbuilders : filler>
ERROR: recipes_user.zs:28: Could not resolve <buildcraftbuilders : builder>
ERROR: recipes_user.zs:36: Could not resolve <ic2 : crafting : 3>
ERROR: recipes_user.zs:38: Could not resolve <ic2 : resource : 11>
ERROR: recipes_user.zs:48: Could not resolve <minecraft : chorus_flower>
ERROR: recipes_user.zs:7 > a method available but none matches the parameters (string, ZenTypeNative: minetweaker.item.IIngredient[][], any[])
This is usually an error in your script, not in the mod
addShaped(ZenTypeNative: minetweaker.item.IItemStack, ZenTypeNative: minetweaker.item.IIngredient[][], Optional ZenTypeNative: minetweaker.recipes.IRecipeFunction, Optional ZenTypeNative: minetweaker.recipes.IRecipeAction)
ERROR: recipes_user.zs:21 > a method available but none matches the parameters (string, ZenTypeNative: minetweaker.item.IIngredient[][], any[])
This is usually an error in your script, not in the mod
addShaped(ZenTypeNative: minetweaker.item.IItemStack, ZenTypeNative: minetweaker.item.IIngredient[][], Optional ZenTypeNative: minetweaker.recipes.IRecipeFunction, Optional ZenTypeNative: minetweaker.recipes.IRecipeAction)
ERROR: recipes_user.zs:28 > a method available but none matches the parameters (string, ZenTypeNative: minetweaker.item.IIngredient[][], any[])
This is usually an error in your script, not in the mod
addShaped(ZenTypeNative: minetweaker.item.IItemStack, ZenTypeNative: minetweaker.item.IIngredient[][], Optional ZenTypeNative: minetweaker.recipes.IRecipeFunction, Optional ZenTypeNative: minetweaker.recipes.IRecipeAction)
ERROR: recipes_user.zs:38 > a method available but none matches the parameters (string, ZenTypeNative: minetweaker.item.IIngredient[][], any[])
This is usually an error in your script, not in the mod
addShaped(ZenTypeNative: minetweaker.item.IItemStack, ZenTypeNative: minetweaker.item.IIngredient[][], Optional ZenTypeNative: minetweaker.recipes.IRecipeFunction, Optional ZenTypeNative: minetweaker.recipes.IRecipeAction)
ERROR: recipes_user.zs:48 > a method available but none matches the parameters (string, ZenTypeNative: minetweaker.item.IIngredient[][], any[])
This is usually an error in your script, not in the mod
addShaped(ZenTypeNative: minetweaker.item.IItemStack, ZenTypeNative: minetweaker.item.IIngredient[][], Optional ZenTypeNative: minetweaker.recipes.IRecipeFunction, Optional ZenTypeNative: minetweaker.recipes.IRecipeAction)
