[23:07:14] [main/INFO]: Setting user: Hades2001
[23:07:15] [Client thread/INFO]: LWJGL Version: 2.9.4
[23:07:23] [Client thread/INFO]: Reloading ResourceManager: Default, FMLFileResourcePack:Forge Mod Loader, FMLFileResourcePack:Minecraft Forge, FMLFileResourcePack:Not Enough Items, FMLFileResourcePack:Applied Energistics 2, FMLFileResourcePack:Avaritia, FMLFileResourcePack:Biomes O' Plenty, FMLFileResourcePack:BC Builders, FMLFileResourcePack:BC Robotics, FMLFileResourcePack:BC Silicon, FMLFileResourcePack:BC Energy, FMLFileResourcePack:BC Transport, FMLFileResourcePack:BuildCraft, FMLFileResourcePack:BC Factory, FMLFileResourcePack:CoFH Core, FMLFileResourcePack:MineTweaker 3, FMLFileResourcePack:Dynamic Lights, FMLFileResourcePack:Ex Nihilo, FMLFileResourcePack:Ex Compressum, FMLFileResourcePack:Extra Utilities, FMLFileResourcePack:Forestry for Minecraft, FMLFileResourcePack:GregTech, FMLFileResourcePack:Greg-API-Post, FMLFileResourcePack:Greg-API, FMLFileResourcePack:IndustrialCraft 2, FMLFileResourcePack:Iron Chest, FMLFileResourcePack:JourneyMap, FMLFileResourcePack:Mantle, FMLFileResourcePack:Neat, FMLFileResourcePack:Not Enough Characters, FMLFileResourcePack:OpenBlocks, FMLFileResourcePack:OpenMods, FMLFileResourcePack:ProjectRed Core, FMLFileResourcePack:ProjectRed Integration, FMLFileResourcePack:ProjectRed Transmission, FMLFileResourcePack:ProjectRed Exploration, FMLFileResourcePack:Railcraft, FMLFileResourcePack:Tinkers' Construct, FMLFileResourcePack:Thermal Dynamics, FMLFileResourcePack:Thermal Expansion, FMLFileResourcePack:Thermal Foundation, FMLFileResourcePack:Waila, FMLFileResourcePack:Waila Harvestability, FMLFileResourcePack:What Are We Looking At, FMLFileResourcePack:Forge Microblocks, FMLFileResourcePack:Forge Multipart, FMLFileResourcePack:Minecraft Multipart Plugin, FMLFileResourcePack:MrTJPCore
[23:07:32] [Client thread/INFO]: Created: 16x16 textures/blocks-atlas
[23:07:32] [Client thread/INFO]: Created: 16x16 textures/items-atlas
[23:07:32] [Sound Library Loader/INFO]: Sound engine started
[23:07:59] [Client thread/INFO]: Reloading ResourceManager: Default, FMLFileResourcePack:Forge Mod Loader, FMLFileResourcePack:Minecraft Forge, FMLFileResourcePack:Not Enough Items, FMLFileResourcePack:Applied Energistics 2, FMLFileResourcePack:Avaritia, FMLFileResourcePack:Biomes O' Plenty, FMLFileResourcePack:BC Builders, FMLFileResourcePack:BC Robotics, FMLFileResourcePack:BC Silicon, FMLFileResourcePack:BC Energy, FMLFileResourcePack:BC Transport, FMLFileResourcePack:BuildCraft, FMLFileResourcePack:BC Factory, FMLFileResourcePack:CoFH Core, FMLFileResourcePack:MineTweaker 3, FMLFileResourcePack:Dynamic Lights, FMLFileResourcePack:Ex Nihilo, FMLFileResourcePack:Ex Compressum, FMLFileResourcePack:Extra Utilities, FMLFileResourcePack:Forestry for Minecraft, FMLFileResourcePack:GregTech, FMLFileResourcePack:Greg-API-Post, FMLFileResourcePack:Greg-API, FMLFileResourcePack:IndustrialCraft 2, FMLFileResourcePack:Iron Chest, FMLFileResourcePack:JourneyMap, FMLFileResourcePack:Mantle, FMLFileResourcePack:Neat, FMLFileResourcePack:Not Enough Characters, FMLFileResourcePack:OpenBlocks, FMLFileResourcePack:OpenMods, FMLFileResourcePack:ProjectRed Core, FMLFileResourcePack:ProjectRed Integration, FMLFileResourcePack:ProjectRed Transmission, FMLFileResourcePack:ProjectRed Exploration, FMLFileResourcePack:Railcraft, FMLFileResourcePack:Tinkers' Construct, FMLFileResourcePack:Thermal Dynamics, FMLFileResourcePack:Thermal Expansion, FMLFileResourcePack:Thermal Foundation, FMLFileResourcePack:Waila, FMLFileResourcePack:Waila Harvestability, FMLFileResourcePack:What Are We Looking At, FMLFileResourcePack:Forge Microblocks, FMLFileResourcePack:Forge Multipart, FMLFileResourcePack:Minecraft Multipart Plugin, FMLFileResourcePack:MrTJPCore, Avaritia_Delegate_Pack, Avaritia_Delegate_Pack, XU_Delegate_Pack, XU_Delegate_Pack, XU_Delegate_Pack
[23:08:10] [Client thread/INFO]: Created: 4096x2048 textures/blocks-atlas
[23:08:16] [Client thread/INFO]: Created: 4096x2048 textures/items-atlas
[23:08:17] [Sound Library Loader/INFO]: Sound engine started
[23:08:26] [Client thread/INFO]: Connecting to SS.HUAJA.TOP, 10789
[23:08:33] [Client thread/INFO]: [CHAT] ERROR: AppliedEnergistics.zs:1 > No such member: appliedenergistics2
[23:08:33] [Client thread/INFO]: [CHAT] ERROR: AppliedEnergistics.zs:1 > Not a valid type
[23:08:33] [Client thread/INFO]: [CHAT] ERROR: AppliedEnergistics.zs:2 > could not find package null
[23:08:33] [Client thread/INFO]: [CHAT] ERROR: AppliedEnergistics.zs:4: Could not resolve <thermalfoundation : dye>
[23:08:33] [Client thread/INFO]: [CHAT] ERROR: AppliedEnergistics.zs:6: Could not resolve <appliedenergistics2 : material : 13>
[23:08:33] [Client thread/INFO]: [CHAT] ERROR: AppliedEnergistics.zs:9: Could not resolve <appliedenergistics2 : material : 14>
[23:08:33] [Client thread/INFO]: [CHAT] ERROR: AppliedEnergistics.zs:12: Could not resolve <appliedenergistics2 : material : 15>
[23:08:33] [Client thread/INFO]: [CHAT] ERROR: AppliedEnergistics.zs:15: Could not resolve <appliedenergistics2 : material : 19>
[23:08:33] [Client thread/INFO]: [CHAT] ERROR: AppliedEnergistics.zs:4 > could not find Grinder
[23:08:33] [Client thread/INFO]: [CHAT] ERROR: AppliedEnergistics.zs:6 > a method available but §4none§r matches the parameters (string, ZenTypeNative: minetweaker.item.IIngredient[], any[])
This is §ousually§r an error in your script, not in the mod
addShapeless(§rZenTypeNative: minetweaker.item.IItemStack, §rZenTypeNative: minetweaker.item.IIngredient[], §aOptional §rZenTypeNative: minetweaker.recipes.IRecipeFunction, §aOptional §rZenTypeNative: minetweaker.recipes.IRecipeAction)
[23:08:33] [Client thread/INFO]: [CHAT] ERROR: AppliedEnergistics.zs:9 > a method available but §4none§r matches the parameters (string, ZenTypeNative: minetweaker.item.IIngredient[], any[])
This is §ousually§r an error in your script, not in the mod
addShapeless(§rZenTypeNative: minetweaker.item.IItemStack, §rZenTypeNative: minetweaker.item.IIngredient[], §aOptional §rZenTypeNative: minetweaker.recipes.IRecipeFunction, §aOptional §rZenTypeNative: minetweaker.recipes.IRecipeAction)
[23:08:33] [Client thread/INFO]: [CHAT] ERROR: AppliedEnergistics.zs:12 > a method available but §4none§r matches the parameters (string, ZenTypeNative: minetweaker.item.IIngredient[], any[])
This is §ousually§r an error in your script, not in the mod
addShapeless(§rZenTypeNative: minetweaker.item.IItemStack, §rZenTypeNative: minetweaker.item.IIngredient[], §aOptional §rZenTypeNative: minetweaker.recipes.IRecipeFunction, §aOptional §rZenTypeNative: minetweaker.recipes.IRecipeAction)
[23:08:33] [Client thread/INFO]: [CHAT] ERROR: AppliedEnergistics.zs:15 > a method available but §4none§r matches the parameters (string, ZenTypeNative: minetweaker.item.IIngredient[], any[])
This is §ousually§r an error in your script, not in the mod
addShapeless(§rZenTypeNative: minetweaker.item.IItemStack, §rZenTypeNative: minetweaker.item.IIngredient[], §aOptional §rZenTypeNative: minetweaker.recipes.IRecipeFunction, §aOptional §rZenTypeNative: minetweaker.recipes.IRecipeAction)
[23:08:33] [Client thread/INFO]: [CHAT] ERROR: Error executing AppliedEnergistics.zs: Bad type on operand stack
Exception Details:
  Location:
    AppliedEnergistics.__script__()V @38: ifnonnull
  Reason:
    Type integer (current frame, stack[5]) is not assignable to reference type
  Current Frame:
    bci: @38
    flags: { }
    locals: { }
    stack: { null, '[Lstanhebben/zenscript/value/IAny;', '[Lstanhebben/zenscript/value/IAny;', integer, integer, integer }
  Bytecode:
    0x0000000: 0112 0abd 000c 5912 0d01 5359 120e 1210
    0x0000010: b800 1659 c700 0857 01a7 0006 b800 1c53
    0x0000020: 5912 1d12 1e59 c700 0857 01a7 0006 b800
    0x0000030: 23b8 0029 59c7 0008 5701 a700 06b8 0023
    0x0000040: 53b9 002d 0200 57b1                    
  Stackmap Table:
    full_frame(@28,{},{Null,Object[#47],Object[#47],Integer,Object[#49]})
    full_frame(@31,{},{Null,Object[#47],Object[#47],Integer,Object[#12]})
    full_frame(@46,{},{Null,Object[#47],Object[#47],Integer,Integer})
    full_frame(@49,{},{Null,Object[#47],Object[#47],Integer,Object[#12]})
    full_frame(@61,{},{Null,Object[#47],Object[#47],Integer,Object[#51]})
    full_frame(@64,{},{Null,Object[#47],Object[#47],Integer,Object[#12]})

[23:08:33] [Client thread/INFO]: [CHAT] ERROR: Thermal.zs:1 > No such member: thermalexpansion
[23:08:33] [Client thread/INFO]: [CHAT] ERROR: Thermal.zs:1 > Not a valid type
[23:08:33] [Client thread/INFO]: [CHAT] ERROR: Thermal.zs:2 > No such member: thermalexpansion
[23:08:33] [Client thread/INFO]: [CHAT] ERROR: Thermal.zs:2 > Not a valid type
[23:08:33] [Client thread/INFO]: [CHAT] ERROR: Thermal.zs:7: Could not resolve <ic2 : misc_resource : 5>
[23:08:33] [Client thread/INFO]: [CHAT] ERROR: Thermal.zs:9: Could not resolve <railcraft : dust : 2>
[23:08:33] [Client thread/INFO]: [CHAT] ERROR: Thermal.zs:10: Could not resolve <thermalfoundation : material : 772>
[23:08:33] [Client thread/INFO]: [CHAT] ERROR: Thermal.zs:12: Could not resolve <thermalfoundation : material : 135>
[23:08:33] [Client thread/INFO]: [CHAT] ERROR: Thermal.zs:12: Could not resolve <liquid : experience>
[23:08:33] [Client thread/INFO]: [CHAT] ERROR: Thermal.zs:13: Could not resolve <thermalfoundation : material : 134>
[23:08:33] [Client thread/INFO]: [CHAT] ERROR: Thermal.zs:13: Could not resolve <liquid : experience>
[23:08:33] [Client thread/INFO]: [CHAT] ERROR: Thermal.zs:15: Could not resolve <thermalfoundation : ore_fluid : 2>
[23:08:33] [Client thread/INFO]: [CHAT] ERROR: Thermal.zs:15: Could not resolve <liquid : experience>
[23:08:33] [Client thread/INFO]: [CHAT] ERROR: Thermal.zs:4 > could not find RedstoneFurnace
[23:08:33] [Client thread/INFO]: [CHAT] ERROR: Thermal.zs:5 > could not find RedstoneFurnace
[23:08:33] [Client thread/INFO]: [CHAT] ERROR: Thermal.zs:7 > could not find RedstoneFurnace
[23:08:33] [Client thread/INFO]: [CHAT] ERROR: Thermal.zs:9 > could not find Pulverizer
[23:08:33] [Client thread/INFO]: [CHAT] ERROR: Thermal.zs:10 > could not find Pulverizer
[23:08:33] [Client thread/INFO]: [CHAT] ERROR: Thermal.zs:12 > No such member: thermalexpansion
[23:08:33] [Client thread/INFO]: [CHAT] ERROR: Thermal.zs:13 > No such member: thermalexpansion
[23:08:33] [Client thread/INFO]: [CHAT] ERROR: Thermal.zs:15 > No such member: thermalexpansion
[23:08:33] [Client thread/INFO]: [CHAT] ERROR: Error executing Thermal.zs: Bad type on operand stack
Exception Details:
  Location:
    Thermal.__script__()V @65: ifnonnull
  Reason:
    Type integer (current frame, stack[5]) is not assignable to reference type
  Current Frame:
    bci: @65
    flags: { }
    locals: { }
    stack: { null, '[Lstanhebben/zenscript/value/IAny;', '[Lstanhebben/zenscript/value/IAny;', integer, integer, integer }
  Bytecode:
    0x0000000: 0112 0abd 000c 5912 0d12 0f12 10b8 0016
    0x0000010: 59c7 0008 5701 a700 06b8 001c 5359 1210
    0x0000020: 121e 120d b800 1612 1fb9 0025 0200 59c7
    0x0000030: 0008 5701 a700 06b8 001c 5359 1226 1227
    0x0000040: 59c7 0008 5701 a700 06b8 002c b800 3259
    0x0000050: c700 0857 01a7 0006 b800 2c53 b900 3602
    0x0000060: 0057 0112 0abd 000c 5912 0d12 0f12 10b8
    0x0000070: 0016 59c7 0008 5701 a700 06b8 001c 5359
    0x0000080: 1210 1238 1239 b800 1612 3ab9 0025 0200
    0x0000090: 59c7 0008 5701 a700 06b8 001c 5359 1226
    0x00000a0: 1227 59c7 0008 5701 a700 06b8 002c b800
    0x00000b0: 3259 c700 0857 01a7 0006 b800 2c53 b900
    0x00000c0: 3602 0057 0112 0abd 000c 5912 0d01 5359
    0x00000d0: 1210 123c 120d b800 1659 c700 0857 01a7
    0x00000e0: 0006 b800 1c53 5912 2612 3d59 c700 0857
    0x00000f0: 01a7 0006 b800 2cb8 0032 59c7 0008 5701
    0x0000100: a700 06b8 002c 53b9 0036 0200 5701 120a
    0x0000110: bd00 0c59 120d 0153 5912 1012 3f12 0db8
    0x0000120: 0016 121f b900 2502 0059 c700 0857 01a7
    0x0000130: 0006 b800 1c53 5912 2612 2759 c700 0857
    0x0000140: 01a7 0006 b800 2cb8 0032 59c7 0008 5701
    0x0000150: a700 06b8 002c 53b9 0036 0200 5701 120a
    0x0000160: bd00 0c59 120d 0153 5912 1012 3f12 0db8
    0x0000170: 0016 121f b900 2502 0059 c700 0857 01a7
    0x0000180: 0006 b800 1c53 5912 2612 2759 c700 0857
    0x0000190: 01a7 0006 b800 2cb8 0032 59c7 0008 5701
    0x00001a0: a700 06b8 002c 53b9 0036 0200 5701 121f
    0x00001b0: bd00 0c59 120d 0153 5912 1012 4112 0db8
    0x00001c0: 0016 59c7 0008 5701 a700 06b8 001c 5359
    0x00001d0: 1226 0112 4259 c700 0857 01a7 0006 b800
    0x00001e0: 2cb8 0032 59c7 0008 5701 a700 06b8 002c
    0x00001f0: b900 4602 0053 5912 0a12 4759 c700 0857
    0x0000200: 01a7 0006 b800 2cb8 0032 59c7 0008 5701
    0x0000210: a700 06b8 002c 53b9 0036 0200 5701 121f
    0x0000220: bd00 0c59 120d 0153 5912 1012 4112 0db8
    0x0000230: 0016 59c7 0008 5701 a700 06b8 001c 5359
    0x0000240: 1226 0112 4859 c700 0857 01a7 0006 b800
    0x0000250: 2cb8 0032 59c7 0008 5701 a700 06b8 002c
    0x0000260: b900 4602 0053 5912 0a12 4959 c700 0857
    0x0000270: 01a7 0006 b800 2cb8 0032 59c7 0008 5701
    0x0000280: a700 06b8 002c 53b9 0036 0200 5701 121f
    0x0000290: bd00 0c59 120d 0153 5912 1012 4b12 0db8
    0x00002a0: 0016 59c7 0008 5701 a700 06b8 001c 5359
    0x00002b0: 1226 0112 4c59 c700 0857 01a7 0006 b800
    0x00002c0: 2cb8 0032 59c7 0008 5701 a700 06b8 002c
    0x00002d0: b900 4602 0053 5912 0a12 4d59 c700 0857
    0x00002e0: 01a7 0006 b800 2cb8 0032 59c7 0008 5701
    0x00002f0: a700 06b8 002c 53b9 0036 0200 57b1     
  Stackmap Table:
    full_frame(@25,{},{Null,Object[#79],Object[#79],Integer,Object[#33]})
    full_frame(@28,{},{Null,Object[#79],Object[#79],Integer,Object[#12]})
    full_frame(@55,{},{Null,Object[#79],Object[#79],Integer,Object[#33]})
    full_frame(@58,{},{Null,Object[#79],Object[#79],Integer,Object[#12]})
    full_frame(@73,{},{Null,Object[#79],Object[#79],Integer,Integer})
    full_frame(@76,{},{Null,Object[#79],Object[#79],Integer,Object[#12]})
    full_frame(@88,{},{Null,Object[#79],Object[#79],Integer,Object[#81]})
    full_frame(@91,{},{Null,Object[#79],Object[#79],Integer,Object[#12]})
    full_frame(@123,{},{Null,Object[#79],Object[#79],Integer,Object[#33]})
    full_frame(@126,{},{Null,Object[#79],Object[#79],Integer,Object[#12]})
    full_frame(@153,{},{Null,Object[#79],Object[#79],Integer,Object[#33]})
    full_frame(@156,{},{Null,Object[#79],Object[#79],Integer,Object[#12]})
    full_frame(@171,{},{Null,Object[#79],Object[#79],Integer,Integer})
    full_frame(@174,{},{Null,Object[#79],Object[#79],Integer,Object[#12]})
    full_frame(@186,{},{Null,Object[#79],Object[#79],Integer,Object[#81]})
    full_frame(@189,{},{Null,Object[#79],Object[#79],Integer,Object[#12]})
    full_frame(@226,{},{Null,Object[#79],Object[#79],Integer,Object[#33]})
    full_frame(@229,{},{Null,Object[#79],Object[#79],Integer,Object[#12]})
    full_frame(@244,{},{Null,Object[#79],Object[#79],Integer,Integer})
    full_frame(@247,{},{Null,Object[#79],Object[#79],Integer,Object[#12]})
    full_frame(@259,{},{Null,Object[#79],Object[#79],Integer,Object[#81]})
    full_frame(@262,{},{Null,Object[#79],Object[#79],Integer,Object[#12]})
    full_frame(@306,{},{Null,Object[#79],Object[#79],Integer,Object[#33]})
    full_frame(@309,{},{Null,Object[#79],Object[#79],Integer,Object[#12]})
    full_frame(@324,{},{Null,Object[#79],Object[#79],Integer,Integer})
    full_frame(@327,{},{Null,Object[#79],Object[#79],Integer,Object[#12]})
    full_frame(@339,{},{Null,Object[#79],Object[#79],Integer,Object[#81]})
    full_frame(@342,{},{Null,Object[#79],Object[#79],Integer,Object[#12]})
    full_frame(@386,{},{Null,Object[#79],Object[#79],Integer,Object[#33]})
    full_frame(@389,{},{Null,Object[#79],Object[#79],Integer,Object[#12]})
    full_frame(@404,{},{Null,Object[#79],Object[#79],Integer,Integer})
    full_frame(@407,{},{Null,Object[#79],Object[#79],Integer,Object[#12]})
    full_frame(@419,{},{Null,Object[#79],Object[#79],Integer,Object[#81]})
    full_frame(@422,{},{Null,Object[#79],Object[#79],Integer,Object[#12]})
    full_frame(@459,{},{Null,Object[#79],Object[#79],Integer,Object[#33]})
    full_frame(@462,{},{Null,Object[#79],Object[#79],Integer,Object[#12]})
    full_frame(@478,{},{Null,Object[#79],Object[#79],Integer,Null,Integer})
    full_frame(@481,{},{Null,Object[#79],Object[#79],Integer,Null,Object[#12]})
    full_frame(@493,{},{Null,Object[#79],Object[#79],Integer,Null,Object[#81]})
    full_frame(@496,{},{Null,Object[#79],Object[#79],Integer,Null,Object[#12]})
    full_frame(@516,{},{Null,Object[#79],Object[#79],Integer,Integer})
    full_frame(@519,{},{Null,Object[#79],Object[#79],Integer,Object[#12]})
    full_frame(@531,{},{Null,Object[#79],Object[#79],Integer,Object[#81]})
    full_frame(@534,{},{Null,Object[#79],Object[#79],Integer,Object[#12]})
    full_frame(@571,{},{Null,Object[#79],Object[#79],Integer,Object[#33]})
    full_frame(@574,{},{Null,Object[#79],Object[#79],Integer,Object[#12]})
    full_frame(@590,{},{Null,Object[#79],Object[#79],Integer,Null,Integer})
    full_frame(@593,{},{Null,Object[#79],Object[#79],Integer,Null,Object[#12]})
    full_frame(@605,{},{Null,Object[#79],Object[#79],Integer,Null,Object[#81]})
    full_frame(@608,{},{Null,Object[#79],Object[#79],Integer,Null,Object[#12]})
    full_frame(@628,{},{Null,Object[#79],Object[#79],Integer,Integer})
    full_frame(@631,{},{Null,Object[#79],Object[#79],Integer,Object[#12]})
    full_frame(@643,{},{Null,Object[#79],Object[#79],Integer,Object[#81]})
    full_frame(@646,{},{Null,Object[#79],Object[#79],Integer,Object[#12]})
    full_frame(@683,{},{Null,Object[#79],Object[#79],Integer,Object[#33]})
    full_frame(@686,{},{Null,Object[#79],Object[#79],Integer,Object[#12]})
    full_frame(@702,{},{Null,Object[#79],Object[#79],Integer,Null,Integer})
    full_frame(@705,{},{Null,Object[#79],Object[#79],Integer,Null,Object[#12]})
    full_frame(@717,{},{Null,Object[#79],Object[#79],Integer,Null,Object[#81]})
    full_frame(@720,{},{Null,Object[#79],Object[#79],Integer,Null,Object[#12]})
    full_frame(@740,{},{Null,Object[#79],Object[#79],Integer,Integer})
    full_frame(@743,{},{Null,Object[#79],Object[#79],Integer,Object[#12]})
    full_frame(@755,{},{Null,Object[#79],Object[#79],Integer,Object[#81]})
    full_frame(@758,{},{Null,Object[#79],Object[#79],Integer,Object[#12]})

[23:08:33] [Client thread/INFO]: [CHAT] ERROR: coal_od.zs:1 > could not find package null
[23:08:33] [Client thread/INFO]: [CHAT] ERROR: coal_od.zs:9: Could not resolve <thermalfoundation : fertilizer : 0>
[23:08:33] [Client thread/INFO]: [CHAT] ERROR: coal_od.zs:11 > a method available but §4none§r matches the parameters (string, any, any[])
This is §ousually§r an error in your script, not in the mod
addShapeless(§rZenTypeNative: minetweaker.item.IItemStack, §rZenTypeNative: minetweaker.item.IIngredient[], §aOptional §rZenTypeNative: minetweaker.recipes.IRecipeFunction, §aOptional §rZenTypeNative: minetweaker.recipes.IRecipeAction)
[23:08:33] [Client thread/INFO]: [CHAT] ERROR: coal_od.zs:14 > a method available but §4none§r matches the parameters (string, any, any[])
This is §ousually§r an error in your script, not in the mod
addShapeless(§rZenTypeNative: minetweaker.item.IItemStack, §rZenTypeNative: minetweaker.item.IIngredient[], §aOptional §rZenTypeNative: minetweaker.recipes.IRecipeFunction, §aOptional §rZenTypeNative: minetweaker.recipes.IRecipeAction)
[23:08:33] [Client thread/INFO]: [CHAT] ERROR: coal_od.zs:17 > a method available but §4none§r matches the parameters (string, any, any[])
This is §ousually§r an error in your script, not in the mod
addShapeless(§rZenTypeNative: minetweaker.item.IItemStack, §rZenTypeNative: minetweaker.item.IIngredient[], §aOptional §rZenTypeNative: minetweaker.recipes.IRecipeFunction, §aOptional §rZenTypeNative: minetweaker.recipes.IRecipeAction)
[23:08:33] [Client thread/INFO]: [CHAT] ERROR: projectEx.zs:2: Could not resolve <projectex : matter : 0>
[23:08:33] [Client thread/INFO]: [CHAT] ERROR: projectEx.zs:3: Could not resolve <projectex : matter : 1>
[23:08:33] [Client thread/INFO]: [CHAT] ERROR: projectEx.zs:5: Could not resolve <projecte : item . pe_philosophers_stone>
[23:08:33] [Client thread/INFO]: [CHAT] ERROR: Error executing projectEx.zs: null
[23:08:33] [Client thread/INFO]: [CHAT] ERROR: recipes_user.zs:7: Could not resolve <openblocks : heal>
[23:08:33] [Client thread/INFO]: [CHAT] ERROR: recipes_user.zs:14: Could not resolve <buildcraftcore : marker_volume>
[23:08:33] [Client thread/INFO]: [CHAT] ERROR: recipes_user.zs:21: Could not resolve <buildcraftbuilders : filler>
[23:08:33] [Client thread/INFO]: [CHAT] ERROR: recipes_user.zs:28: Could not resolve <buildcraftbuilders : builder>
[23:08:33] [Client thread/INFO]: [CHAT] ERROR: recipes_user.zs:36: Could not resolve <ic2 : crafting : 3>
[23:08:33] [Client thread/INFO]: [CHAT] ERROR: recipes_user.zs:38: Could not resolve <ic2 : resource : 11>
[23:08:33] [Client thread/INFO]: [CHAT] ERROR: recipes_user.zs:48: Could not resolve <minecraft : chorus_flower>
[23:08:33] [Client thread/INFO]: [CHAT] ERROR: recipes_user.zs:7 > a method available but §4none§r matches the parameters (string, ZenTypeNative: minetweaker.item.IIngredient[][], any[])
This is §ousually§r an error in your script, not in the mod
addShaped(§rZenTypeNative: minetweaker.item.IItemStack, §rZenTypeNative: minetweaker.item.IIngredient[][], §aOptional §rZenTypeNative: minetweaker.recipes.IRecipeFunction, §aOptional §rZenTypeNative: minetweaker.recipes.IRecipeAction)
[23:08:33] [Client thread/INFO]: [CHAT] ERROR: recipes_user.zs:21 > a method available but §4none§r matches the parameters (string, ZenTypeNative: minetweaker.item.IIngredient[][], any[])
This is §ousually§r an error in your script, not in the mod
addShaped(§rZenTypeNative: minetweaker.item.IItemStack, §rZenTypeNative: minetweaker.item.IIngredient[][], §aOptional §rZenTypeNative: minetweaker.recipes.IRecipeFunction, §aOptional §rZenTypeNative: minetweaker.recipes.IRecipeAction)
[23:08:33] [Client thread/INFO]: [CHAT] ERROR: recipes_user.zs:28 > a method available but §4none§r matches the parameters (string, ZenTypeNative: minetweaker.item.IIngredient[][], any[])
This is §ousually§r an error in your script, not in the mod
addShaped(§rZenTypeNative: minetweaker.item.IItemStack, §rZenTypeNative: minetweaker.item.IIngredient[][], §aOptional §rZenTypeNative: minetweaker.recipes.IRecipeFunction, §aOptional §rZenTypeNative: minetweaker.recipes.IRecipeAction)
[23:08:33] [Client thread/INFO]: [CHAT] ERROR: recipes_user.zs:38 > a method available but §4none§r matches the parameters (string, ZenTypeNative: minetweaker.item.IIngredient[][], any[])
This is §ousually§r an error in your script, not in the mod
addShaped(§rZenTypeNative: minetweaker.item.IItemStack, §rZenTypeNative: minetweaker.item.IIngredient[][], §aOptional §rZenTypeNative: minetweaker.recipes.IRecipeFunction, §aOptional §rZenTypeNative: minetweaker.recipes.IRecipeAction)
[23:08:33] [Client thread/INFO]: [CHAT] ERROR: recipes_user.zs:48 > a method available but §4none§r matches the parameters (string, ZenTypeNative: minetweaker.item.IIngredient[][], any[])
This is §ousually§r an error in your script, not in the mod
addShaped(§rZenTypeNative: minetweaker.item.IItemStack, §rZenTypeNative: minetweaker.item.IIngredient[][], §aOptional §rZenTypeNative: minetweaker.recipes.IRecipeFunction, §aOptional §rZenTypeNative: minetweaker.recipes.IRecipeAction)
[23:08:33] [Client thread/INFO]: [CHAT] 请使用密码登录 "/login 你的密码"
[23:08:33] [Client thread/INFO]: [CHAT] 欢迎新玩家Hades2001来到服务器!
[23:08:33] [Client thread/INFO]: [CHAT] 13:∴★∵**☆『服务器：菜鸟天堂』∴★∵**☆．
[23:08:33] [Client thread/INFO]: [CHAT] .:★∵**☆欢迎回归, Hades2001 !~∴★∵**☆:．
[23:08:33] [Client thread/INFO]: [CHAT] 输入 /help 查看帮助.
[23:08:33] [Client thread/INFO]: [CHAT] 现金余额: $55
[23:08:33] [Client thread/INFO]: [CHAT] 在线人数: 1
[23:08:33] [Client thread/INFO]: [CHAT] MC服务器租用:chujoy.taobao.com
[23:08:33] [Client thread/INFO]: [CHAT] 
[23:08:33] [Client thread/INFO]: [CHAT] 你没有新的邮件
[23:08:33] [Client thread/INFO]: [CHAT] §eJourneyMap:§f 按下[§bJ§f]键
[23:08:36] [Client thread/INFO]: [CHAT] 请使用密码登录 "/login 你的密码"
